Stale pidfile exists. Removing it.
[2020-04-13 18:05:15,651: INFO/MainProcess] beat: Starting...
[2020-04-13 18:05:15,689: INFO/MainProcess] Scheduler: Sending due task task1 (dj_celery_demo)
[2020-04-13 18:05:25,707: INFO/MainProcess] Scheduler: Sending due task task1 (dj_celery_demo)
[2020-04-13 18:05:35,710: INFO/MainProcess] Scheduler: Sending due task task1 (dj_celery_demo)
[2020-04-13 18:05:45,734: INFO/MainProcess] Scheduler: Sending due task task1 (dj_celery_demo)
[2020-04-13 18:05:55,736: INFO/MainProcess] Scheduler: Sending due task task1 (dj_celery_demo)
[2020-04-13 18:06:05,738: INFO/MainProcess] Scheduler: Sending due task task1 (dj_celery_demo)
[2020-04-13 18:06:15,738: INFO/MainProcess] Scheduler: Sending due task task1 (dj_celery_demo)
[2020-04-13 18:06:25,738: INFO/MainProcess] Scheduler: Sending due task task1 (dj_celery_demo)
[2020-04-13 18:06:35,741: INFO/MainProcess] Scheduler: Sending due task task1 (dj_celery_demo)
[2020-04-13 18:06:45,756: INFO/MainProcess] Scheduler: Sending due task task1 (dj_celery_demo)
[2020-04-13 18:06:55,779: INFO/MainProcess] Scheduler: Sending due task task1 (dj_celery_demo)
[2020-04-13 18:07:05,794: INFO/MainProcess] Scheduler: Sending due task task1 (dj_celery_demo)
[2020-04-13 18:07:15,794: INFO/MainProcess] Scheduler: Sending due task task1 (dj_celery_demo)
[2020-04-13 18:07:25,797: INFO/MainProcess] Scheduler: Sending due task task1 (dj_celery_demo)
[2020-04-13 18:07:35,800: INFO/MainProcess] Scheduler: Sending due task task1 (dj_celery_demo)
[2020-04-13 18:07:45,800: INFO/MainProcess] Scheduler: Sending due task task1 (dj_celery_demo)
[2020-04-13 18:07:55,802: INFO/MainProcess] Scheduler: Sending due task task1 (dj_celery_demo)
[2020-04-13 18:08:05,805: INFO/MainProcess] Scheduler: Sending due task task1 (dj_celery_demo)
[2020-04-13 18:08:15,811: INFO/MainProcess] Scheduler: Sending due task task1 (dj_celery_demo)
[2020-04-13 18:08:25,814: INFO/MainProcess] Scheduler: Sending due task task1 (dj_celery_demo)
[2020-04-13 18:08:35,825: INFO/MainProcess] Scheduler: Sending due task task1 (dj_celery_demo)
[2020-04-13 18:08:45,825: INFO/MainProcess] Scheduler: Sending due task task1 (dj_celery_demo)
[2020-04-13 18:08:55,827: INFO/MainProcess] Scheduler: Sending due task task1 (dj_celery_demo)
[2020-04-13 18:09:05,833: INFO/MainProcess] Scheduler: Sending due task task1 (dj_celery_demo)
[2020-04-13 18:09:15,848: INFO/MainProcess] Scheduler: Sending due task task1 (dj_celery_demo)
[2020-04-13 18:09:25,850: INFO/MainProcess] Scheduler: Sending due task task1 (dj_celery_demo)
[2020-04-13 18:09:35,852: INFO/MainProcess] Scheduler: Sending due task task1 (dj_celery_demo)
[2020-04-13 18:09:45,852: INFO/MainProcess] Scheduler: Sending due task task1 (dj_celery_demo)
[2020-04-13 18:09:55,865: INFO/MainProcess] Scheduler: Sending due task task1 (dj_celery_demo)
[2020-04-13 18:10:05,866: INFO/MainProcess] Scheduler: Sending due task task1 (dj_celery_demo)
[2020-04-13 18:10:15,868: INFO/MainProcess] Scheduler: Sending due task task1 (dj_celery_demo)
[2020-04-13 18:10:25,869: INFO/MainProcess] Scheduler: Sending due task task1 (dj_celery_demo)
[2020-04-13 18:10:35,877: INFO/MainProcess] Scheduler: Sending due task task1 (dj_celery_demo)
[2020-04-13 18:10:45,879: INFO/MainProcess] Scheduler: Sending due task task1 (dj_celery_demo)
[2020-04-13 18:10:55,881: INFO/MainProcess] Scheduler: Sending due task task1 (dj_celery_demo)
[2020-04-13 18:11:05,882: INFO/MainProcess] Scheduler: Sending due task task1 (dj_celery_demo)
[2020-04-13 18:11:15,898: INFO/MainProcess] Scheduler: Sending due task task1 (dj_celery_demo)
[2020-04-13 20:34:16,228: INFO/MainProcess] beat: Starting...
[2020-04-13 20:34:26,411: INFO/MainProcess] Scheduler: Sending due task task1 (dj_celery_demo)
[2020-04-13 20:34:36,421: INFO/MainProcess] Scheduler: Sending due task task1 (dj_celery_demo)
[2020-04-13 20:34:46,426: INFO/MainProcess] Scheduler: Sending due task task1 (dj_celery_demo)
[2020-04-13 20:34:56,427: INFO/MainProcess] Scheduler: Sending due task task1 (dj_celery_demo)
[2020-04-13 20:35:06,428: INFO/MainProcess] Scheduler: Sending due task task1 (dj_celery_demo)
[2020-04-13 20:35:16,431: INFO/MainProcess] Scheduler: Sending due task task1 (dj_celery_demo)
[2020-04-13 20:35:26,435: INFO/MainProcess] Scheduler: Sending due task task1 (dj_celery_demo)
[2020-04-13 20:35:36,436: INFO/MainProcess] Scheduler: Sending due task task1 (dj_celery_demo)
[2020-04-13 20:35:46,439: INFO/MainProcess] Scheduler: Sending due task task1 (dj_celery_demo)
[2020-04-13 20:35:56,443: INFO/MainProcess] Scheduler: Sending due task task1 (dj_celery_demo)
[2020-04-13 20:36:06,443: INFO/MainProcess] Scheduler: Sending due task task1 (dj_celery_demo)
[2020-04-13 20:36:16,447: INFO/MainProcess] Scheduler: Sending due task task1 (dj_celery_demo)
[2020-04-13 20:36:26,448: INFO/MainProcess] Scheduler: Sending due task task1 (dj_celery_demo)
[2020-04-13 20:36:36,448: INFO/MainProcess] Scheduler: Sending due task task1 (dj_celery_demo)
[2020-04-13 20:36:46,452: INFO/MainProcess] Scheduler: Sending due task task1 (dj_celery_demo)
[2020-04-13 20:36:56,456: INFO/MainProcess] Scheduler: Sending due task task1 (dj_celery_demo)
[2020-04-13 20:37:06,459: INFO/MainProcess] Scheduler: Sending due task task1 (dj_celery_demo)
[2020-04-13 20:37:16,462: INFO/MainProcess] Scheduler: Sending due task task1 (dj_celery_demo)
[2020-04-13 20:37:26,484: INFO/MainProcess] Scheduler: Sending due task task1 (dj_celery_demo)
[2020-04-13 20:37:36,487: INFO/MainProcess] Scheduler: Sending due task task1 (dj_celery_demo)
[2020-04-13 20:37:46,491: INFO/MainProcess] Scheduler: Sending due task task1 (dj_celery_demo)
[2020-04-13 20:37:56,495: INFO/MainProcess] Scheduler: Sending due task task1 (dj_celery_demo)
[2020-04-13 20:38:06,499: INFO/MainProcess] Scheduler: Sending due task task1 (dj_celery_demo)
[2020-04-13 20:38:16,503: INFO/MainProcess] Scheduler: Sending due task task1 (dj_celery_demo)
[2020-04-13 20:38:26,508: INFO/MainProcess] Scheduler: Sending due task task1 (dj_celery_demo)
[2020-04-13 20:38:36,511: INFO/MainProcess] Scheduler: Sending due task task1 (dj_celery_demo)
[2020-04-13 20:38:46,515: INFO/MainProcess] Scheduler: Sending due task task1 (dj_celery_demo)
[2020-04-13 20:38:56,518: INFO/MainProcess] Scheduler: Sending due task task1 (dj_celery_demo)
[2020-04-13 20:39:06,522: INFO/MainProcess] Scheduler: Sending due task task1 (dj_celery_demo)
[2020-04-13 20:39:16,523: INFO/MainProcess] Scheduler: Sending due task task1 (dj_celery_demo)
[2020-04-13 20:39:26,528: INFO/MainProcess] Scheduler: Sending due task task1 (dj_celery_demo)
[2020-04-13 20:39:36,532: INFO/MainProcess] Scheduler: Sending due task task1 (dj_celery_demo)
[2020-04-13 20:39:46,537: INFO/MainProcess] Scheduler: Sending due task task1 (dj_celery_demo)
[2020-04-13 20:39:56,539: INFO/MainProcess] Scheduler: Sending due task task1 (dj_celery_demo)
[2020-04-13 20:40:06,542: INFO/MainProcess] Scheduler: Sending due task task1 (dj_celery_demo)
Stale pidfile exists. Removing it.
[2020-04-13 22:18:31,744: INFO/MainProcess] beat: Starting...
[2020-04-13 22:18:31,898: INFO/MainProcess] Scheduler: Sending due task task1 (dj_celery_demo)
[2020-04-13 22:18:41,975: INFO/MainProcess] Scheduler: Sending due task task1 (dj_celery_demo)
[2020-04-13 22:18:51,976: INFO/MainProcess] Scheduler: Sending due task task1 (dj_celery_demo)
[2020-04-13 22:19:01,976: INFO/MainProcess] Scheduler: Sending due task task1 (dj_celery_demo)
[2020-04-13 22:19:11,979: INFO/MainProcess] Scheduler: Sending due task task1 (dj_celery_demo)
[2020-04-13 22:19:21,980: INFO/MainProcess] Scheduler: Sending due task task1 (dj_celery_demo)
[2020-04-13 22:19:31,983: INFO/MainProcess] Scheduler: Sending due task task1 (dj_celery_demo)
[2020-04-13 22:19:41,987: INFO/MainProcess] Scheduler: Sending due task task1 (dj_celery_demo)
[2020-04-13 22:19:51,991: INFO/MainProcess] Scheduler: Sending due task task1 (dj_celery_demo)
[2020-04-13 22:20:01,991: INFO/MainProcess] Scheduler: Sending due task task1 (dj_celery_demo)
[2020-04-13 22:20:11,994: INFO/MainProcess] Scheduler: Sending due task task1 (dj_celery_demo)
[2020-04-13 22:20:21,995: INFO/MainProcess] Scheduler: Sending due task task1 (dj_celery_demo)
[2020-04-13 22:20:31,999: INFO/MainProcess] Scheduler: Sending due task task1 (dj_celery_demo)
[2020-04-13 22:20:42,003: INFO/MainProcess] Scheduler: Sending due task task1 (dj_celery_demo)
[2020-04-13 22:20:52,007: INFO/MainProcess] Scheduler: Sending due task task1 (dj_celery_demo)
[2020-04-13 22:21:02,011: INFO/MainProcess] Scheduler: Sending due task task1 (dj_celery_demo)
[2020-04-13 22:21:12,011: INFO/MainProcess] Scheduler: Sending due task task1 (dj_celery_demo)
[2020-04-13 22:21:22,016: INFO/MainProcess] Scheduler: Sending due task task1 (dj_celery_demo)
[2020-04-13 22:21:32,034: INFO/MainProcess] Scheduler: Sending due task task1 (dj_celery_demo)
[2020-04-13 22:21:42,037: INFO/MainProcess] Scheduler: Sending due task task1 (dj_celery_demo)
[2020-04-13 22:21:52,041: INFO/MainProcess] Scheduler: Sending due task task1 (dj_celery_demo)
[2020-04-13 22:22:02,042: INFO/MainProcess] Scheduler: Sending due task task1 (dj_celery_demo)
[2020-04-13 22:22:12,046: INFO/MainProcess] Scheduler: Sending due task task1 (dj_celery_demo)
[2020-04-13 22:22:22,050: INFO/MainProcess] Scheduler: Sending due task task1 (dj_celery_demo)
[2020-04-13 22:22:32,051: INFO/MainProcess] Scheduler: Sending due task task1 (dj_celery_demo)
[2020-04-13 22:22:42,051: INFO/MainProcess] Scheduler: Sending due task task1 (dj_celery_demo)
[2020-04-13 22:22:52,052: INFO/MainProcess] Scheduler: Sending due task task1 (dj_celery_demo)
[2020-04-13 22:23:02,059: INFO/MainProcess] Scheduler: Sending due task task1 (dj_celery_demo)
[2020-04-13 22:23:12,059: INFO/MainProcess] Scheduler: Sending due task task1 (dj_celery_demo)
[2020-04-13 22:23:22,060: INFO/MainProcess] Scheduler: Sending due task task1 (dj_celery_demo)
[2020-04-13 22:23:32,060: INFO/MainProcess] Scheduler: Sending due task task1 (dj_celery_demo)
[2020-04-13 22:23:42,063: INFO/MainProcess] Scheduler: Sending due task task1 (dj_celery_demo)
Stale pidfile exists. Removing it.
[2020-04-14 10:32:02,667: INFO/MainProcess] beat: Starting...
[2020-04-14 10:32:06,539: INFO/MainProcess] Scheduler: Sending due task task1 (dj_celery_demo)
[2020-04-14 10:32:16,540: INFO/MainProcess] Scheduler: Sending due task task1 (dj_celery_demo)
[2020-04-14 10:32:26,540: INFO/MainProcess] Scheduler: Sending due task task1 (dj_celery_demo)
[2020-04-14 10:32:36,540: INFO/MainProcess] Scheduler: Sending due task task1 (dj_celery_demo)
[2020-04-14 10:32:46,541: INFO/MainProcess] Scheduler: Sending due task task1 (dj_celery_demo)
[2020-04-14 10:32:56,541: INFO/MainProcess] Scheduler: Sending due task task1 (dj_celery_demo)
[2020-04-14 10:33:06,541: INFO/MainProcess] Scheduler: Sending due task task1 (dj_celery_demo)
[2020-04-14 10:33:16,541: INFO/MainProcess] Scheduler: Sending due task task1 (dj_celery_demo)
[2020-04-14 10:33:26,542: INFO/MainProcess] Scheduler: Sending due task task1 (dj_celery_demo)
[2020-04-14 10:33:36,542: INFO/MainProcess] Scheduler: Sending due task task1 (dj_celery_demo)
[2020-04-14 10:33:46,542: INFO/MainProcess] Scheduler: Sending due task task1 (dj_celery_demo)
[2020-04-14 10:33:56,543: INFO/MainProcess] Scheduler: Sending due task task1 (dj_celery_demo)
[2020-04-14 10:34:06,543: INFO/MainProcess] Scheduler: Sending due task task1 (dj_celery_demo)
[2020-04-14 10:34:16,544: INFO/MainProcess] Scheduler: Sending due task task1 (dj_celery_demo)
[2020-04-14 10:34:26,544: INFO/MainProcess] Scheduler: Sending due task task1 (dj_celery_demo)
[2020-04-14 10:34:36,544: INFO/MainProcess] Scheduler: Sending due task task1 (dj_celery_demo)
[2020-04-14 10:34:46,544: INFO/MainProcess] Scheduler: Sending due task task1 (dj_celery_demo)
[2020-04-14 10:34:56,544: INFO/MainProcess] Scheduler: Sending due task task1 (dj_celery_demo)
[2020-04-14 10:35:06,545: INFO/MainProcess] Scheduler: Sending due task task1 (dj_celery_demo)
[2020-04-14 10:35:16,545: INFO/MainProcess] Scheduler: Sending due task task1 (dj_celery_demo)
[2020-04-14 10:35:26,545: INFO/MainProcess] Scheduler: Sending due task task1 (dj_celery_demo)
[2020-04-14 10:35:36,545: INFO/MainProcess] Scheduler: Sending due task task1 (dj_celery_demo)
[2020-04-14 10:35:46,546: INFO/MainProcess] Scheduler: Sending due task task1 (dj_celery_demo)
[2020-04-14 10:35:56,546: INFO/MainProcess] Scheduler: Sending due task task1 (dj_celery_demo)
[2020-04-14 10:36:06,546: INFO/MainProcess] Scheduler: Sending due task task1 (dj_celery_demo)
[2020-04-14 10:36:16,546: INFO/MainProcess] Scheduler: Sending due task task1 (dj_celery_demo)
[2020-04-14 10:36:26,546: INFO/MainProcess] Scheduler: Sending due task task1 (dj_celery_demo)
[2020-04-14 10:36:36,547: INFO/MainProcess] Scheduler: Sending due task task1 (dj_celery_demo)
[2020-04-14 10:36:46,547: INFO/MainProcess] Scheduler: Sending due task task1 (dj_celery_demo)
[2020-04-14 10:36:56,547: INFO/MainProcess] Scheduler: Sending due task task1 (dj_celery_demo)
[2020-04-14 10:37:06,547: INFO/MainProcess] Scheduler: Sending due task task1 (dj_celery_demo)
[2020-04-14 10:37:16,548: INFO/MainProcess] Scheduler: Sending due task task1 (dj_celery_demo)
[2020-04-14 10:37:26,548: INFO/MainProcess] Scheduler: Sending due task task1 (dj_celery_demo)
[2020-04-14 10:37:36,548: INFO/MainProcess] Scheduler: Sending due task task1 (dj_celery_demo)
[2020-04-14 10:37:46,548: INFO/MainProcess] Scheduler: Sending due task task1 (dj_celery_demo)
[2020-04-14 10:37:56,549: INFO/MainProcess] Scheduler: Sending due task task1 (dj_celery_demo)
[2020-04-14 10:38:06,549: INFO/MainProcess] Scheduler: Sending due task task1 (dj_celery_demo)
[2020-04-14 10:38:16,549: INFO/MainProcess] Scheduler: Sending due task task1 (dj_celery_demo)
[2020-04-14 10:38:26,549: INFO/MainProcess] Scheduler: Sending due task task1 (dj_celery_demo)
[2020-04-14 10:38:36,550: INFO/MainProcess] Scheduler: Sending due task task1 (dj_celery_demo)
[2020-04-14 10:38:46,550: INFO/MainProcess] Scheduler: Sending due task task1 (dj_celery_demo)
[2020-04-14 10:38:56,550: INFO/MainProcess] Scheduler: Sending due task task1 (dj_celery_demo)
[2020-04-14 10:39:06,550: INFO/MainProcess] Scheduler: Sending due task task1 (dj_celery_demo)
[2020-04-14 10:39:16,551: INFO/MainProcess] Scheduler: Sending due task task1 (dj_celery_demo)
[2020-04-14 10:39:26,551: INFO/MainProcess] Scheduler: Sending due task task1 (dj_celery_demo)
[2020-04-14 10:39:36,551: INFO/MainProcess] Scheduler: Sending due task task1 (dj_celery_demo)
[2020-04-14 10:39:46,551: INFO/MainProcess] Scheduler: Sending due task task1 (dj_celery_demo)
[2020-04-14 10:39:56,551: INFO/MainProcess] Scheduler: Sending due task task1 (dj_celery_demo)
[2020-04-14 10:40:06,552: INFO/MainProcess] Scheduler: Sending due task task1 (dj_celery_demo)
[2020-04-14 10:40:16,552: INFO/MainProcess] Scheduler: Sending due task task1 (dj_celery_demo)
[2020-04-14 10:40:26,552: INFO/MainProcess] Scheduler: Sending due task task1 (dj_celery_demo)
celery beat v3.1.26.post2 (Cipater) is starting.
__    -    ... __   -        _
Configuration ->
    . broker -> redis://127.0.0.1:6379/1
    . loader -> djcelery.loaders.DjangoLoader
    . scheduler -> celery.beat.PersistentScheduler
    . db -> celerybeat-schedule
    . logfile -> [stderr]@%INFO
    . maxinterval -> now (0s)
[2020-04-14 10:41:04,547: INFO/MainProcess] beat: Starting...
[2020-04-14 10:41:04,722: INFO/MainProcess] Scheduler: Sending due task task1 (dj_celery_demo)
[2020-04-14 10:41:14,789: INFO/MainProcess] Scheduler: Sending due task task1 (dj_celery_demo)
[2020-04-14 10:41:24,790: INFO/MainProcess] Scheduler: Sending due task task1 (dj_celery_demo)
[2020-04-14 10:41:34,790: INFO/MainProcess] Scheduler: Sending due task task1 (dj_celery_demo)
[2020-04-14 10:41:44,790: INFO/MainProcess] Scheduler: Sending due task task1 (dj_celery_demo)
celery beat v3.1.26.post2 (Cipater) is starting.
__    -    ... __   -        _
Configuration ->
    . broker -> redis://127.0.0.1:6379/1
    . loader -> djcelery.loaders.DjangoLoader
    . scheduler -> celery.beat.PersistentScheduler
    . db -> celerybeat-schedule
    . logfile -> [stderr]@%INFO
    . maxinterval -> now (0s)
[2020-04-14 11:07:28,642: INFO/MainProcess] beat: Starting...
[2020-04-14 11:07:28,795: INFO/MainProcess] Scheduler: Sending due task task1 (dj_celery_demo)
[2020-04-14 11:07:38,812: INFO/MainProcess] Scheduler: Sending due task task1 (dj_celery_demo)
[2020-04-14 11:07:48,812: INFO/MainProcess] Scheduler: Sending due task task1 (dj_celery_demo)
[2020-04-14 11:07:58,812: INFO/MainProcess] Scheduler: Sending due task task1 (dj_celery_demo)
[2020-04-14 11:08:08,813: INFO/MainProcess] Scheduler: Sending due task task1 (dj_celery_demo)
[2020-04-14 11:08:18,813: INFO/MainProcess] Scheduler: Sending due task task1 (dj_celery_demo)
[2020-04-14 11:08:28,813: INFO/MainProcess] Scheduler: Sending due task task1 (dj_celery_demo)
[2020-04-14 11:08:38,814: INFO/MainProcess] Scheduler: Sending due task task1 (dj_celery_demo)
[2020-04-14 11:08:48,814: INFO/MainProcess] Scheduler: Sending due task task1 (dj_celery_demo)
[2020-04-14 11:08:58,814: INFO/MainProcess] Scheduler: Sending due task task1 (dj_celery_demo)
[2020-04-14 11:09:08,815: INFO/MainProcess] Scheduler: Sending due task task1 (dj_celery_demo)
