[I 200413 18:05:15 command:136] Visit me at http://localhost:5555
[I 200413 18:05:15 command:141] Broker: redis://192.168.180.133:6379/1
[I 200413 18:05:15 command:144] Registered tasks: 
    ['celery.backend_cleanup',
     'celery.chain',
     'celery.chord',
     'celery.chord_unlock',
     'celery.chunks',
     'celery.group',
     'celery.map',
     'celery.starmap',
     'dj_celery_demo']
[I 200413 18:05:15 mixins:231] Connected to redis://192.168.180.133:6379/1
/root/myenvs/my_dj_celery/lib/python3.6/site-packages/celery/app/control.py:36: DuplicateNodenameWarning: Received multiple replies from node name: celery@master-jenkins.
Please make sure you give each node a unique nodename using the `-n` option.
  pluralize(len(dupes), 'name'), ', '.join(sorted(dupes)),
[W 200413 18:05:44 control:44] 'stats' inspect method failed
[W 200413 18:05:44 control:44] 'registered' inspect method failed
[I 200413 20:34:16 command:136] Visit me at http://localhost:5555
[I 200413 20:34:16 command:141] Broker: redis://127.0.0.1:6379/1
[I 200413 20:34:16 command:144] Registered tasks: 
    ['celery.backend_cleanup',
     'celery.chain',
     'celery.chord',
     'celery.chord_unlock',
     'celery.chunks',
     'celery.group',
     'celery.map',
     'celery.starmap',
     'dj_celery_demo']
[I 200413 20:34:16 mixins:231] Connected to redis://127.0.0.1:6379/1
[W 200413 20:34:20 control:44] 'stats' inspect method failed
[W 200413 20:34:20 control:44] 'active_queues' inspect method failed
[W 200413 20:34:20 control:44] 'registered' inspect method failed
[W 200413 20:34:20 control:44] 'scheduled' inspect method failed
[W 200413 20:34:20 control:44] 'active' inspect method failed
[W 200413 20:34:20 control:44] 'reserved' inspect method failed
[W 200413 20:34:20 control:44] 'revoked' inspect method failed
[W 200413 20:34:20 control:44] 'conf' inspect method failed
[I 200413 22:18:31 command:136] Visit me at http://localhost:5555
[I 200413 22:18:31 command:141] Broker: redis://127.0.0.1:6379/1
[I 200413 22:18:31 command:144] Registered tasks: 
    ['celery.backend_cleanup',
     'celery.chain',
     'celery.chord',
     'celery.chord_unlock',
     'celery.chunks',
     'celery.group',
     'celery.map',
     'celery.starmap',
     'dj_celery_demo']
[I 200413 22:18:31 mixins:231] Connected to redis://127.0.0.1:6379/1
[W 200413 22:18:34 control:44] 'stats' inspect method failed
[W 200413 22:18:34 control:44] 'active_queues' inspect method failed
[W 200413 22:18:34 control:44] 'registered' inspect method failed
[W 200413 22:18:34 control:44] 'scheduled' inspect method failed
[W 200413 22:18:34 control:44] 'active' inspect method failed
[W 200413 22:18:34 control:44] 'reserved' inspect method failed
[W 200413 22:18:34 control:44] 'revoked' inspect method failed
[W 200413 22:18:34 control:44] 'conf' inspect method failed
[I 200414 10:32:02 command:136] Visit me at http://localhost:5555
[I 200414 10:32:02 command:141] Broker: redis://127.0.0.1:6379/1
[I 200414 10:32:02 command:144] Registered tasks: 
    ['celery.backend_cleanup',
     'celery.chain',
     'celery.chord',
     'celery.chord_unlock',
     'celery.chunks',
     'celery.group',
     'celery.map',
     'celery.starmap',
     'dj_celery_demo']
[I 200414 10:32:02 mixins:231] Connected to redis://127.0.0.1:6379/1
[W 200414 10:32:05 control:44] 'stats' inspect method failed
[W 200414 10:32:05 control:44] 'active_queues' inspect method failed
[W 200414 10:32:05 control:44] 'registered' inspect method failed
[W 200414 10:32:05 control:44] 'scheduled' inspect method failed
[W 200414 10:32:05 control:44] 'active' inspect method failed
[W 200414 10:32:05 control:44] 'reserved' inspect method failed
[W 200414 10:32:05 control:44] 'revoked' inspect method failed
[W 200414 10:32:05 control:44] 'conf' inspect method failed
[I 200414 10:40:32 command:44] SIGTERM detected, shutting down
[I 200414 10:41:04 command:136] Visit me at http://localhost:5555
[I 200414 10:41:04 command:141] Broker: redis://127.0.0.1:6379/1
[I 200414 10:41:04 command:144] Registered tasks: 
    ['celery.backend_cleanup',
     'celery.chain',
     'celery.chord',
     'celery.chord_unlock',
     'celery.chunks',
     'celery.group',
     'celery.map',
     'celery.starmap',
     'dj_celery_demo']
[I 200414 10:41:04 mixins:231] Connected to redis://127.0.0.1:6379/1
[W 200414 10:41:08 control:44] 'stats' inspect method failed
[W 200414 10:41:08 control:44] 'active_queues' inspect method failed
[W 200414 10:41:08 control:44] 'registered' inspect method failed
[W 200414 10:41:08 control:44] 'scheduled' inspect method failed
[W 200414 10:41:08 control:44] 'active' inspect method failed
[W 200414 10:41:08 control:44] 'reserved' inspect method failed
[W 200414 10:41:08 control:44] 'revoked' inspect method failed
[W 200414 10:41:08 control:44] 'conf' inspect method failed
[I 200414 10:41:45 command:44] SIGTERM detected, shutting down
[I 200414 11:07:28 command:136] Visit me at http://localhost:5555
[I 200414 11:07:28 command:141] Broker: redis://127.0.0.1:6379/1
[I 200414 11:07:28 command:144] Registered tasks: 
    ['celery.backend_cleanup',
     'celery.chain',
     'celery.chord',
     'celery.chord_unlock',
     'celery.chunks',
     'celery.group',
     'celery.map',
     'celery.starmap',
     'dj_celery_demo']
[I 200414 11:07:28 mixins:231] Connected to redis://127.0.0.1:6379/1
[W 200414 11:07:32 control:44] 'stats' inspect method failed
[W 200414 11:07:32 control:44] 'active_queues' inspect method failed
[W 200414 11:07:32 control:44] 'registered' inspect method failed
[W 200414 11:07:32 control:44] 'scheduled' inspect method failed
[W 200414 11:07:32 control:44] 'active' inspect method failed
[W 200414 11:07:32 control:44] 'reserved' inspect method failed
[W 200414 11:07:32 control:44] 'revoked' inspect method failed
[W 200414 11:07:32 control:44] 'conf' inspect method failed
